[debug] [2022-02-10T19:01:38.883Z] ----------------------------------------------------------------------
[debug] [2022-02-10T19:01:38.885Z] Command:       C:\Program Files\nodejs\node.exe C:\Users\dean\AppData\Roaming\npm\node_modules\firebase-tools\lib\bin\firebase.js init hosting
[debug] [2022-02-10T19:01:38.885Z] CLI Version:   10.1.5
[debug] [2022-02-10T19:01:38.885Z] Platform:      win32
[debug] [2022-02-10T19:01:38.885Z] Node Version:  v14.15.4
[debug] [2022-02-10T19:01:38.886Z] Time:          Thu Feb 10 2022 14:01:38 GMT-0500 (Eastern Standard Time)
[debug] [2022-02-10T19:01:38.886Z] ----------------------------------------------------------------------
[debug] 
[debug] [2022-02-10T19:01:38.891Z] > command requires scopes: ["email","openid","https://www.googleapis.com/auth/cloudplatformprojects.readonly","https://www.googleapis.com/auth/firebase","https://www.googleapis.com/auth/cloud-platform"]
[debug] [2022-02-10T19:01:38.892Z] > authorizing via signed-in user (dean@dfwagners.net)
[info] 
     ######## #### ########  ######## ########     ###     ######  ########
     ##        ##  ##     ## ##       ##     ##  ##   ##  ##       ##
     ######    ##  ########  ######   ########  #########  ######  ######
     ##        ##  ##    ##  ##       ##     ## ##     ##       ## ##
     ##       #### ##     ## ######## ########  ##     ##  ######  ########

You're about to initialize a Firebase project in this directory:

  C:\Users\dean\Documents\Software\threejs-journey\26-program-structure

[info] 
=== Project Setup
[info] 
[info] First, let's associate this project directory with a Firebase project.
[info] You can create multiple project aliases by running firebase use --add, 
[info] but for now we'll just set up a default project.
[info] 
[debug] [2022-02-10T19:01:57.624Z] > refreshing access token with scopes: []
[debug] [2022-02-10T19:01:57.624Z] >>> HTTP REQUEST POST https://www.googleapis.com/oauth2/v3/token  
 <request body omitted>
[debug] [2022-02-10T19:01:57.755Z] <<< HTTP RESPONSE 400 {"pragma":"no-cache","cache-control":"no-cache, no-store, max-age=0, must-revalidate","date":"Thu, 10 Feb 2022 19:01:58 GMT","expires":"Mon, 01 Jan 1990 00:00:00 GMT","content-type":"application/json; charset=utf-8","vary":"X-Origin, Referer, Origin,Accept-Encoding","server":"scaffolding on HTTPServer2","x-xss-protection":"0","x-frame-options":"SAMEORIGIN","x-content-type-options":"nosniff","alt-svc":"h3=\":443\"; ma=2592000,h3-29=\":443\"; ma=2592000,h3-Q050=\":443\"; ma=2592000,h3-Q046=\":443\"; ma=2592000,h3-Q043=\":443\"; ma=2592000,quic=\":443\"; ma=2592000; v=\"46,43\"","accept-ranges":"none","transfer-encoding":"chunked"}
[debug] [2022-02-10T19:01:57.765Z] >>> [apiv2][query] GET https://firebase.googleapis.com/v1beta1/projects pageSize=100
[debug] [2022-02-10T19:01:57.972Z] <<< [apiv2][status] GET https://firebase.googleapis.com/v1beta1/projects 401
[debug] [2022-02-10T19:01:57.972Z] <<< [apiv2][body] GET https://firebase.googleapis.com/v1beta1/projects [omitted]
[debug] [2022-02-10T19:01:57.972Z] HTTP Error: 401, Request had invalid authentication credentials. Expected OAuth 2 access token, login cookie or other valid authentication credential. See https://developers.google.com/identity/sign-in/web/devconsole-project.
[debug] [2022-02-10T19:01:58.074Z] FirebaseError: HTTP Error: 401, Request had invalid authentication credentials. Expected OAuth 2 access token, login cookie or other valid authentication credential. See https://developers.google.com/identity/sign-in/web/devconsole-project.
    at module.exports (C:\Users\dean\AppData\Roaming\npm\node_modules\firebase-tools\lib\responseToError.js:38:12)
    at RetryOperation._fn (C:\Users\dean\AppData\Roaming\npm\node_modules\firebase-tools\lib\apiv2.js:283:39)
    at processTicksAndRejections (internal/process/task_queues.js:93:5)
[error] 
[error] Error: Failed to list Firebase projects. See firebase-debug.log for more info.
[debug] [2022-02-10T19:02:14.126Z] ----------------------------------------------------------------------
[debug] [2022-02-10T19:02:14.127Z] Command:       C:\Program Files\nodejs\node.exe C:\Users\dean\AppData\Roaming\npm\node_modules\firebase-tools\lib\bin\firebase.js init hosting
[debug] [2022-02-10T19:02:14.128Z] CLI Version:   10.1.5
[debug] [2022-02-10T19:02:14.128Z] Platform:      win32
[debug] [2022-02-10T19:02:14.128Z] Node Version:  v14.15.4
[debug] [2022-02-10T19:02:14.128Z] Time:          Thu Feb 10 2022 14:02:14 GMT-0500 (Eastern Standard Time)
[debug] [2022-02-10T19:02:14.128Z] ----------------------------------------------------------------------
[debug] 
[debug] [2022-02-10T19:02:14.134Z] > command requires scopes: ["email","openid","https://www.googleapis.com/auth/cloudplatformprojects.readonly","https://www.googleapis.com/auth/firebase","https://www.googleapis.com/auth/cloud-platform"]
[debug] [2022-02-10T19:02:14.134Z] > authorizing via signed-in user (dean@dfwagners.net)
[info] 
     ######## #### ########  ######## ########     ###     ######  ########
     ##        ##  ##     ## ##       ##     ##  ##   ##  ##       ##
     ######    ##  ########  ######   ########  #########  ######  ######
     ##        ##  ##    ##  ##       ##     ## ##     ##       ## ##
     ##       #### ##     ## ######## ########  ##     ##  ######  ########

You're about to initialize a Firebase project in this directory:

  C:\Users\dean\Documents\Software\threejs-journey\26-program-structure

[info] 
=== Project Setup
[info] 
[info] First, let's associate this project directory with a Firebase project.
[info] You can create multiple project aliases by running firebase use --add, 
[info] but for now we'll just set up a default project.
[info] 
